1460396575850770  New Frame: 0
1460396575940038  New Frame: 1
1460396575987853  New Frame: 2
1460396576035256  New Frame: 3
1460396576083464  New Frame: 4
1460396576131130  New Frame: 5
1460396576178153  New Frame: 6
1460396576227135  New Frame: 7
1460396576276923  New Frame: 8
1460396576326002  New Frame: 9
1460396576379374  New Frame: 10
1460396576431905  New Frame: 11
1460396576484537  New Frame: 12
1460396576541814  New Frame: 13
1460396576591724  New Frame: 14
1460396576644963  New Frame: 15
1460396576697048  New Frame: 16
1460396576745950  New Frame: 17
1460396576794918  New Frame: 18
1460396576848062  New Frame: 19
1460396576904873  New Frame: 20
1460396576958422  New Frame: 21
1460396577011475  New Frame: 22
1460396577064638  New Frame: 23
1460396577117017  New Frame: 24
1460396577165422  New Frame: 25
1460396577212753  New Frame: 26
1460396577261441  New Frame: 27
1460396577310702  New Frame: 28
1460396577363639  New Frame: 29
1460396577415523  New Frame: 30
1460396577464324  New Frame: 31
1460396577512492  New Frame: 32
1460396577561026  New Frame: 33
1460396577612269  New Frame: 34
1460396577665459  New Frame: 35
1460396577717705  New Frame: 36
1460396577767555  New Frame: 37
1460396577821814  New Frame: 38
1460396577876309  New Frame: 39
1460396577929970  New Frame: 40
1460396577982870  New Frame: 41
1460396578037261  New Frame: 42
1460396578092072  New Frame: 43
1460396578146101  New Frame: 44
1460396578201316  New Frame: 45
1460396578254745  New Frame: 46
1460396578309616  New Frame: 47
1460396578361680  New Frame: 48
1460396578416710  New Frame: 49
1460396578470402  New Frame: 50
1460396578525450  New Frame: 51
1460396578578437  New Frame: 52
1460396578631435  New Frame: 53
1460396578685167  New Frame: 54
1460396578738361  New Frame: 55
1460396578793186  New Frame: 56
1460396578846075  New Frame: 57
1460396578900773  New Frame: 58
1460396578952831  New Frame: 59
1460396579000473  New Frame: 60
1460396579048511  New Frame: 61
1460396579098546  New Frame: 62
1460396579151662  New Frame: 63
1460396579203899  New Frame: 64
1460396579258378  New Frame: 65
1460396579309300  New Frame: 66
1460396579357851  New Frame: 67
1460396579410739  New Frame: 68
1460396579464377  New Frame: 69
1460396579519386  New Frame: 70
1460396579573621  New Frame: 71
1460396579684184  New Frame: 72
1460396579732957  New Frame: 73
1460396579785196  New Frame: 74
1460396579837410  New Frame: 75
1460396579890538  New Frame: 76
1460396579943880  New Frame: 77
1460396579997066  New Frame: 78
1460396580045831  New Frame: 79
1460396580091628  New Frame: 80
1460396580141915  New Frame: 81
1460396580189903  New Frame: 82
1460396580239064  New Frame: 83
1460396580293235  New Frame: 84
1460396580346478  New Frame: 85
1460396580400265  New Frame: 86
1460396580456554  New Frame: 87
1460396580510463  New Frame: 88
1460396580565402  New Frame: 89
1460396580617687  New Frame: 90
1460396580673546  New Frame: 91
1460396580727177  New Frame: 92
1460396580775845  New Frame: 93
1460396580822461  New Frame: 94
1460396580873733  New Frame: 95
1460396580923276  New Frame: 96
1460396580976876  New Frame: 97
1460396581029087  New Frame: 98
1460396581078053  New Frame: 99
1460396581124327  New Frame: 100
1460396581170905  New Frame: 101
1460396581221355  New Frame: 102
1460396581271852  New Frame: 103
1460396581325880  New Frame: 104
1460396581381998  New Frame: 105
1460396581435379  New Frame: 106
1460396581487467  New Frame: 107
1460396581541473  New Frame: 108
1460396581598217  New Frame: 109
1460396581655230  New Frame: 110
1460396581708048  New Frame: 111
1460396581759993  New Frame: 112
1460396581815855  New Frame: 113
1460396581872688  New Frame: 114
1460396581926917  New Frame: 115
1460396581976970  New Frame: 116
1460396582031105  New Frame: 117
1460396582085457  New Frame: 118
1460396582135943  New Frame: 119
1460396582189257  New Frame: 120
1460396582242548  New Frame: 121
1460396582295989  New Frame: 122
1460396582352764  New Frame: 123
1460396582405750  New Frame: 124
1460396582461964  New Frame: 125
1460396582514689  New Frame: 126
1460396582570751  New Frame: 127
1460396582623856  New Frame: 128
1460396582674718  New Frame: 129
1460396582728253  New Frame: 130
1460396582784578  New Frame: 131
1460396582837062  New Frame: 132
1460396582892261  New Frame: 133
1460396582946878  New Frame: 134
1460396582999732  New Frame: 135
1460396583052361  New Frame: 136
1460396583103263  New Frame: 137
1460396583156124  New Frame: 138
1460396583211325  New Frame: 139
1460396583260156  New Frame: 140
1460396583308117  New Frame: 141
1460396583358674  New Frame: 142
1460396583411962  New Frame: 143
1460396583464001  New Frame: 144
1460396583511883  New Frame: 145
1460396583565788  New Frame: 146
1460396583618869  New Frame: 147
1460396583670061  New Frame: 148
1460396583718957  New Frame: 149
1460396583772977  New Frame: 150
1460396583824754  New Frame: 151
1460396583879294  New Frame: 152
1460396583931652  New Frame: 153
1460396583983597  New Frame: 154
1460396584037339  New Frame: 155
1460396584091113  New Frame: 156
1460396584145349  New Frame: 157
1460396584199777  New Frame: 158
1460396584253898  New Frame: 159
1460396584308751  New Frame: 160
1460396584360188  New Frame: 161
1460396584415656  New Frame: 162
1460396584468503  New Frame: 163
1460396584524951  New Frame: 164
1460396584579343  New Frame: 165
1460396584628263  New Frame: 166
1460396584675941  New Frame: 167
1460396584724835  New Frame: 168
1460396584779691  New Frame: 169
1460396584831692  New Frame: 170
1460396584879373  New Frame: 171
1460396584930483  New Frame: 172
1460396584984173  New Frame: 173
1460396585040754  New Frame: 174
1460396585094118  New Frame: 175
1460396585146130  New Frame: 176
1460396585200180  New Frame: 177
1460396585256756  New Frame: 178
1460396585310808  New Frame: 179
1460396585363325  New Frame: 180
1460396585417612  New Frame: 181
1460396585472800  New Frame: 182
1460396585526482  New Frame: 183
1460396585582755  New Frame: 184
1460396585637653  New Frame: 185
1460396585688103  New Frame: 186
1460396585742752  New Frame: 187
1460396585792076  New Frame: 188
1460396585839424  New Frame: 189
1460396585887998  New Frame: 190
1460396585938936  New Frame: 191
1460396585993102  New Frame: 192
1460396586046955  New Frame: 193
1460396586100424  New Frame: 194
1460396586156356  New Frame: 195
1460396586211001  New Frame: 196
1460396586266883  New Frame: 197
1460396586319961  New Frame: 198
1460396586375370  New Frame: 199
1460396586428503  New Frame: 200
1460396586477067  New Frame: 201
1460396586527954  New Frame: 202
1460396586581922  New Frame: 203
1460396586636458  New Frame: 204
1460396586690212  New Frame: 205
1460396586745367  New Frame: 206
1460396586797940  New Frame: 207
1460396586853436  New Frame: 208
1460396586906263  New Frame: 209
1460396586961373  New Frame: 210
1460396587014631  New Frame: 211
1460396587065049  New Frame: 212
1460396587114403  New Frame: 213
1460396587166919  New Frame: 214
1460396587220518  New Frame: 215
1460396587271028  New Frame: 216
1460396587325183  New Frame: 217
1460396587378200  New Frame: 218
1460396587432818  New Frame: 219
1460396587484502  New Frame: 220
1460396587534121  New Frame: 221
1460396587587867  New Frame: 222
1460396587644693  New Frame: 223
1460396587700067  New Frame: 224
1460396587750253  New Frame: 225
1460396587803792  New Frame: 226
1460396587856007  New Frame: 227
1460396587905116  New Frame: 228
1460396587956381  New Frame: 229
1460396588010234  New Frame: 230
1460396588064770  New Frame: 231
1460396588120617  New Frame: 232
1460396588174726  New Frame: 233
1460396588227113  New Frame: 234
1460396588276159  New Frame: 235
1460396588324498  New Frame: 236
1460396588373177  New Frame: 237
1460396588424591  New Frame: 238
1460396588478217  New Frame: 239
1460396588531142  New Frame: 240
1460396588585140  New Frame: 241
1460396588638691  New Frame: 242
1460396588692529  New Frame: 243
1460396588745118  New Frame: 244
1460396588799614  New Frame: 245
1460396588855795  New Frame: 246
1460396588909201  New Frame: 247
1460396588961054  New Frame: 248
1460396589008780  New Frame: 249
1460396589054320  New Frame: 250
1460396589106157  New Frame: 251
1460396589160793  New Frame: 252
1460396589212383  New Frame: 253
1460396589266569  New Frame: 254
1460396589318751  New Frame: 255
1460396589367868  New Frame: 256
1460396589420093  New Frame: 257
1460396589474455  New Frame: 258
1460396589529282  New Frame: 259
1460396589583293  New Frame: 260
1460396589633136  New Frame: 261
1460396589684907  New Frame: 262
1460396589739028  New Frame: 263
1460396589788243  New Frame: 264
1460396589837821  New Frame: 265
1460396589886978  New Frame: 266
1460396589941263  New Frame: 267
1460396589997774  New Frame: 268
1460396590051619  New Frame: 269
1460396590104163  New Frame: 270
1460396590158332  New Frame: 271
1460396590212931  New Frame: 272
1460396590267024  New Frame: 273
1460396590318347  New Frame: 274
1460396590371698  New Frame: 275
1460396590424671  New Frame: 276
1460396590478434  New Frame: 277
1460396590531120  New Frame: 278
1460396590580928  New Frame: 279
1460396590631569  New Frame: 280
1460396590684895  New Frame: 281
1460396590737374  New Frame: 282
1460396590793285  New Frame: 283
1460396590847858  New Frame: 284
1460396590900993  New Frame: 285
1460396590953826  New Frame: 286
1460396591009338  New Frame: 287
1460396591064010  New Frame: 288
1460396591118535  New Frame: 289
1460396591167822  New Frame: 290
1460396591217113  New Frame: 291
1460396591269463  New Frame: 292
1460396591324154  New Frame: 293
1460396591380571  New Frame: 294
1460396591433454  New Frame: 295
1460396591484083  New Frame: 296
1460396591538592  New Frame: 297
1460396591595680  New Frame: 298
1460396591648086  New Frame: 299
1460396591699015  New Frame: 300
1460396591752664  New Frame: 301
1460396591804910  New Frame: 302
1460396591860897  New Frame: 303
1460396591919557  New Frame: 304
1460396591972651  New Frame: 305
1460396592024267  New Frame: 306
1460396592078625  New Frame: 307
1460396592128063  New Frame: 308
1460396592176458  New Frame: 309
1460396592225134  New Frame: 310
1460396592273447  New Frame: 311
1460396592321604  New Frame: 312
1460396592370115  New Frame: 313
1460396592433007  New Frame: 314
1460396592486197  New Frame: 315
1460396592539293  New Frame: 316
1460396592594534  New Frame: 317
1460396592651276  New Frame: 318
1460396592704831  New Frame: 319
1460396592760496  New Frame: 320
1460396592813262  New Frame: 321
1460396592863893  New Frame: 322
1460396592918637  New Frame: 323
1460396592970790  New Frame: 324
1460396593025377  New Frame: 325
1460396593078533  New Frame: 326
1460396593133048  New Frame: 327
1460396593186213  New Frame: 328
1460396593242311  New Frame: 329
1460396593294961  New Frame: 330
1460396593346637  New Frame: 331
1460396593399009  New Frame: 332
1460396593448123  New Frame: 333
1460396593497485  New Frame: 334
1460396593548076  New Frame: 335
1460396593600179  New Frame: 336
1460396593651294  New Frame: 337
1460396593699095  New Frame: 338
1460396593751048  New Frame: 339
1460396593804253  New Frame: 340
1460396593857310  New Frame: 341
1460396593905669  New Frame: 342
1460396593955274  New Frame: 343
1460396594009491  New Frame: 344
1460396594065884  New Frame: 345
1460396594123086  New Frame: 346
1460396594175785  New Frame: 347
1460396594226502  New Frame: 348
1460396594277419  New Frame: 349
1460396594325248  New Frame: 350
1460396594377632  New Frame: 351
1460396594428069  New Frame: 352
1460396594478305  New Frame: 353
1460396594529242  New Frame: 354
1460396594582655  New Frame: 355
1460396594634171  New Frame: 356
1460396594684074  New Frame: 357
1460396594777757  New Frame: 358
1460396594831598  New Frame: 359
1460396594882311  New Frame: 360
1460396594933145  New Frame: 361
1460396594984188  New Frame: 362
1460396595031485  New Frame: 363
1460396595080442  New Frame: 364
1460396595129252  New Frame: 365
1460396595177405  New Frame: 366
1460396595225496  New Frame: 367
1460396595273122  New Frame: 368
1460396595320657  New Frame: 369
1460396595368173  New Frame: 370
1460396595415521  New Frame: 371
1460396595466016  New Frame: 372
1460396595513734  New Frame: 373
1460396595560615  New Frame: 374
1460396595608326  New Frame: 375
1460396595663323  New Frame: 376
1460396595715225  New Frame: 377
1460396595762762  New Frame: 378
1460396595813204  New Frame: 379
1460396595860718  New Frame: 380
1460396595910279  New Frame: 381
1460396595964177  New Frame: 382
1460396596016963  New Frame: 383
1460396596064887  New Frame: 384
1460396596111621  New Frame: 385
1460396596163011  New Frame: 386
1460396596215862  New Frame: 387
1460396596267042  New Frame: 388
1460396596315456  New Frame: 389
1460396596366748  New Frame: 390
1460396596420738  New Frame: 391
1460396596474220  New Frame: 392
1460396596529717  New Frame: 393
1460396596580059  New Frame: 394
1460396596629160  New Frame: 395
1460396596677959  New Frame: 396
1460396596726816  New Frame: 397
1460396596780503  New Frame: 398
1460396596833180  New Frame: 399
1460396596884252  New Frame: 400
1460396596937804  New Frame: 401
1460396596993039  New Frame: 402
1460396597046913  New Frame: 403
1460396597099940  New Frame: 404
1460396597153606  New Frame: 405
1460396597209061  New Frame: 406
1460396597261776  New Frame: 407
1460396597317358  New Frame: 408
1460396597370029  New Frame: 409
1460396597425031  New Frame: 410
1460396597478250  New Frame: 411
1460396597527934  New Frame: 412
1460396597576554  New Frame: 413
1460396597624682  New Frame: 414
1460396597673577  New Frame: 415
1460396597722065  New Frame: 416
1460396597775608  New Frame: 417
1460396597828238  New Frame: 418
1460396597883205  New Frame: 419
1460396597935969  New Frame: 420
1460396597984996  New Frame: 421
1460396598033460  New Frame: 422
1460396598081152  New Frame: 423
1460396598130504  New Frame: 424
1460396598182911  New Frame: 425
1460396598237989  New Frame: 426
1460396598293037  New Frame: 427
1460396598348279  New Frame: 428
1460396598403315  New Frame: 429
1460396598452552  New Frame: 430
1460396598504391  New Frame: 431
1460396598559009  New Frame: 432
1460396598611646  New Frame: 433
1460396598665053  New Frame: 434
1460396598716434  New Frame: 435
1460396598765226  New Frame: 436
1460396598814415  New Frame: 437
1460396598867099  New Frame: 438
1460396598920119  New Frame: 439
1460396598969719  New Frame: 440
1460396599018364  New Frame: 441
1460396599072089  New Frame: 442
1460396599128758  New Frame: 443
1460396599181068  New Frame: 444
1460396599232681  New Frame: 445
1460396599280532  New Frame: 446
1460396599328863  New Frame: 447
1460396599379112  New Frame: 448
1460396599433903  New Frame: 449
1460396599480862  New Frame: 450
1460396599529407  New Frame: 451
1460396599584654  New Frame: 452
1460396599639149  New Frame: 453
1460396599689440  New Frame: 454
1460396599737638  New Frame: 455
1460396599785979  New Frame: 456
1460396599833424  New Frame: 457
1460396599882341  New Frame: 458
1460396599935589  New Frame: 459
1460396599988833  New Frame: 460
1460396600038245  New Frame: 461
1460396600092381  New Frame: 462
1460396600148567  New Frame: 463
1460396600202542  New Frame: 464
1460396600259064  New Frame: 465
1460396600310380  New Frame: 466
1460396600362404  New Frame: 467
1460396600416133  New Frame: 468
1460396600472552  New Frame: 469
1460396600526676  New Frame: 470
1460396600576634  New Frame: 471
1460396600631366  New Frame: 472
1460396600684456  New Frame: 473
1460396600732781  New Frame: 474
1460396600782941  New Frame: 475
1460396600838595  New Frame: 476
1460396600891234  New Frame: 477
1460396600945420  New Frame: 478
1460396601001254  New Frame: 479
1460396601053970  New Frame: 480
1460396601108083  New Frame: 481
1460396601176477  New Frame: 482
1460396601226208  New Frame: 483
1460396601273550  New Frame: 484
1460396601323233  New Frame: 485
1460396601376432  New Frame: 486
1460396601428450  New Frame: 487
1460396601476721  New Frame: 488
1460396601531015  New Frame: 489
1460396601583200  New Frame: 490
1460396601634049  New Frame: 491
1460396601687312  New Frame: 492
1460396601738631  New Frame: 493
1460396601789205  New Frame: 494
1460396601838009  New Frame: 495
1460396601885537  New Frame: 496
1460396601935550  New Frame: 497
1460396601988480  New Frame: 498
1460396602043334  New Frame: 499
1460396602096612  New Frame: 500
1460396602152787  New Frame: 501
1460396602223566  New Frame: 502
1460396602277448  New Frame: 503
1460396602329474  New Frame: 504
1460396602377997  New Frame: 505
1460396602452649  New Frame: 506
1460396602522316  New Frame: 507
1460396602576034  New Frame: 508
1460396602627302  New Frame: 509
1460396602675551  New Frame: 510
1460396602724502  New Frame: 511
1460396602774557  New Frame: 512
1460396602828329  New Frame: 513
1460396602879937  New Frame: 514
1460396602929994  New Frame: 515
1460396602976773  New Frame: 516
1460396603027285  New Frame: 517
1460396603081245  New Frame: 518
1460396603134973  New Frame: 519
1460396603188562  New Frame: 520
1460396603239975  New Frame: 521
1460396603287839  New Frame: 522
1460396603339613  New Frame: 523
1460396603392476  New Frame: 524
1460396603448008  New Frame: 525
1460396603502451  New Frame: 526
1460396603557931  New Frame: 527
1460396603611242  New Frame: 528
1460396603660371  New Frame: 529
1460396603710867  New Frame: 530
1460396603764743  New Frame: 531
1460396603817311  New Frame: 532
1460396603865988  New Frame: 533
1460396603914706  New Frame: 534
1460396603968265  New Frame: 535
1460396604027380  New Frame: 536
1460396604080354  New Frame: 537
1460396604128791  New Frame: 538
1460396604176117  New Frame: 539
1460396604222938  New Frame: 540
1460396604275010  New Frame: 541
1460396604326174  New Frame: 542
1460396604376037  New Frame: 543
1460396604427106  New Frame: 544
1460396604477102  New Frame: 545
1460396604526058  New Frame: 546
1460396604574047  New Frame: 547
1460396604627503  New Frame: 548
1460396604680136  New Frame: 549
1460396604729409  New Frame: 550
1460396604777792  New Frame: 551
1460396604826592  New Frame: 552
1460396604878908  New Frame: 553
1460396604931232  New Frame: 554
1460396604979380  New Frame: 555
1460396605027960  New Frame: 556
1460396605075093  New Frame: 557
1460396605125518  New Frame: 558
1460396605172875  New Frame: 559
1460396605221234  New Frame: 560
1460396605269371  New Frame: 561
1460396605317482  New Frame: 562
1460396605365262  New Frame: 563
1460396605413122  New Frame: 564
1460396605461239  New Frame: 565
1460396605515740  New Frame: 566
1460396605568086  New Frame: 567
1460396605617124  New Frame: 568
1460396605665246  New Frame: 569
1460396605713750  New Frame: 570
1460396605762386  New Frame: 571
1460396605815798  New Frame: 572
1460396605868930  New Frame: 573
1460396605928952  New Frame: 574
1460396605975080  New Frame: 575
1460396606023020  New Frame: 576
1460396606075637  New Frame: 577
1460396606131707  New Frame: 578
1460396606180048  New Frame: 579
1460396606229059  New Frame: 580
1460396606292426  New Frame: 581
1460396606346644  New Frame: 582
1460396606395137  New Frame: 583
1460396606442964  New Frame: 584
1460396606495495  New Frame: 585
1460396606549045  New Frame: 586
1460396606604912  New Frame: 587
1460396606658936  New Frame: 588
1460396606711683  New Frame: 589
1460396606765911  New Frame: 590
1460396606821432  New Frame: 591
1460396606875667  New Frame: 592
1460396606924457  New Frame: 593
1460396606974060  New Frame: 594
1460396607027644  New Frame: 595
1460396607077293  New Frame: 596
1460396607132311  New Frame: 597
1460396607184407  New Frame: 598
1460396607235380  New Frame: 599
1460396607282490  New Frame: 600
1460396607331601  New Frame: 601
1460396607378428  New Frame: 602
1460396607431637  New Frame: 603
1460396607483836  New Frame: 604
1460396607534295  New Frame: 605
1460396607586258  New Frame: 606
1460396607639446  New Frame: 607
1460396607690494  New Frame: 608
1460396607745494  New Frame: 609
1460396607796745  New Frame: 610
1460396607851213  New Frame: 611
1460396607903966  New Frame: 612
1460396607954837  New Frame: 613
1460396608002644  New Frame: 614
1460396608052521  New Frame: 615
1460396608106667  New Frame: 616
1460396608162699  New Frame: 617
1460396608216981  New Frame: 618
1460396608275637  New Frame: 619
1460396608328779  New Frame: 620
1460396608385526  New Frame: 621
1460396608442232  New Frame: 622
1460396608496230  New Frame: 623
1460396608551505  New Frame: 624
1460396608604455  New Frame: 625
1460396608668740  New Frame: 626
1460396608722706  New Frame: 627
1460396608773734  New Frame: 628
1460396608821800  New Frame: 629
1460396608874880  New Frame: 630
1460396608927802  New Frame: 631
1460396608978167  New Frame: 632
1460396609032896  New Frame: 633
1460396609085756  New Frame: 634
1460396609134870  New Frame: 635
1460396609189457  New Frame: 636
1460396609243682  New Frame: 637
1460396609296919  New Frame: 638
1460396609352894  New Frame: 639
1460396609407102  New Frame: 640
1460396609458330  New Frame: 641
1460396609512243  New Frame: 642
1460396609564928  New Frame: 643
1460396609620211  New Frame: 644
1460396609677091  New Frame: 645
1460396609729518  New Frame: 646
1460396609786113  New Frame: 647
1460396609838132  New Frame: 648
1460396609892827  New Frame: 649
1460396609946603  New Frame: 650
1460396610002828  New Frame: 651
1460396610055866  New Frame: 652
1460396610107101  New Frame: 653
1460396610161924  New Frame: 654
1460396610223183  New Frame: 655
1460396610276180  New Frame: 656
1460396610330584  New Frame: 657
1460396610383539  New Frame: 658
1460396610437168  New Frame: 659
1460396610490128  New Frame: 660
1460396610538393  New Frame: 661
1460396610605893  New Frame: 662
1460396610658666  New Frame: 663
1460396610712627  New Frame: 664
1460396610770706  New Frame: 665
1460396610824640  New Frame: 666
1460396610873560  New Frame: 667
1460396610929203  New Frame: 668
1460396610980678  New Frame: 669
1460396611027533  New Frame: 670
1460396611075827  New Frame: 671
1460396611131412  New Frame: 672
1460396611183719  New Frame: 673
1460396611234568  New Frame: 674
1460396611294779  New Frame: 675
1460396611349937  New Frame: 676
1460396611406978  New Frame: 677
1460396611460471  New Frame: 678
1460396611511116  New Frame: 679
1460396611565111  New Frame: 680
1460396611620206  New Frame: 681
1460396611674728  New Frame: 682
1460396611723901  New Frame: 683
1460396611773628  New Frame: 684
1460396611825775  New Frame: 685
1460396611878208  New Frame: 686
1460396611966713  New Frame: 687
1460396612033140  New Frame: 688
1460396612104891  New Frame: 689
1460396612161015  New Frame: 690
1460396612213926  New Frame: 691
1460396612266688  New Frame: 692
1460396612324104  New Frame: 693
1460396612399870  New Frame: 694
1460396612459777  New Frame: 695
1460396612514050  New Frame: 696
1460396612569502  New Frame: 697
1460396612622423  New Frame: 698
1460396612704013  New Frame: 699
1460396612765658  New Frame: 700
1460396612825647  New Frame: 701
1460396612887689  New Frame: 702
1460396612966528  New Frame: 703
1460396613055933  New Frame: 704
1460396613108371  New Frame: 705
1460396613187288  New Frame: 706
1460396613239017  New Frame: 707
1460396613293811  New Frame: 708
1460396613350944  New Frame: 709
1460396613406572  New Frame: 710
1460396613461186  New Frame: 711
1460396613537508  New Frame: 712
1460396613592774  New Frame: 713
1460396613649307  New Frame: 714
1460396613703067  New Frame: 715
1460396613754244  New Frame: 716
1460396613809049  New Frame: 717
1460396613863403  New Frame: 718
1460396613918757  New Frame: 719
1460396613993340  New Frame: 720
1460396614045600  New Frame: 721
1460396614098111  New Frame: 722
1460396614151064  New Frame: 723
1460396614204290  New Frame: 724
1460396614256478  New Frame: 725
1460396614304132  New Frame: 726
1460396614351711  New Frame: 727
1460396614423252  New Frame: 728
1460396614473493  New Frame: 729
1460396614520745  New Frame: 730
1460396614570469  New Frame: 731
1460396614625280  New Frame: 732
1460396614680192  New Frame: 733
1460396614732933  New Frame: 734
1460396614889021  New Frame: 735
1460396614971047  New Frame: 736
1460396615026448  New Frame: 737
1460396615080366  New Frame: 738
1460396615133094  New Frame: 739
1460396615181553  New Frame: 740
1460396615229177  New Frame: 741
1460396615276053  New Frame: 742
1460396615323707  New Frame: 743
1460396615404058  New Frame: 744
1460396615457042  New Frame: 745
1460396615511610  New Frame: 746
1460396615564371  New Frame: 747
1460396615615719  New Frame: 748
1460396615668531  New Frame: 749
1460396615721259  New Frame: 750
1460396615790900  New Frame: 751
1460396615853019  New Frame: 752
1460396615901250  New Frame: 753
1460396615958324  New Frame: 754
1460396616012245  New Frame: 755
1460396616067019  New Frame: 756
1460396616121163  New Frame: 757
1460396616202022  New Frame: 758
1460396616256735  New Frame: 759
1460396616315171  New Frame: 760
1460396616366751  New Frame: 761
1460396616415352  New Frame: 762
1460396616465171  New Frame: 763
1460396616516208  New Frame: 764
1460396616570597  New Frame: 765
1460396616620322  New Frame: 766
1460396616696262  New Frame: 767
1460396616755573  New Frame: 768
1460396616810210  New Frame: 769
1460396616865574  New Frame: 770
1460396616920511  New Frame: 771
1460396616971996  New Frame: 772
1460396617025408  New Frame: 773
1460396617094348  New Frame: 774
1460396617169305  New Frame: 775
1460396617224040  New Frame: 776
1460396617278725  New Frame: 777
1460396617328001  New Frame: 778
1460396617377047  New Frame: 779
1460396617431356  New Frame: 780
1460396617501618  New Frame: 781
1460396617555548  New Frame: 782
1460396617606569  New Frame: 783
1460396617661289  New Frame: 784
1460396617718130  New Frame: 785
1460396617776379  New Frame: 786
1460396617830710  New Frame: 787
1460396617894210  New Frame: 788
1460396617952627  New Frame: 789
1460396618005407  New Frame: 790
1460396618058443  New Frame: 791
1460396618111539  New Frame: 792
1460396618164641  New Frame: 793
1460396618217072  New Frame: 794
1460396618265002  New Frame: 795
1460396618343887  New Frame: 796
1460396618396697  New Frame: 797
1460396618445894  New Frame: 798
1460396618501420  New Frame: 799
1460396618558677  New Frame: 800
1460396618611951  New Frame: 801
1460396618663162  New Frame: 802
1460396618728556  New Frame: 803
1460396618787496  New Frame: 804
1460396618841193  New Frame: 805
1460396618890157  New Frame: 806
1460396618949150  New Frame: 807
1460396618998062  New Frame: 808
1460396619052110  New Frame: 809
1460396619110620  New Frame: 810
1460396619187517  New Frame: 811
1460396619239446  New Frame: 812
1460396619292607  New Frame: 813
1460396619349394  New Frame: 814
1460396619402631  New Frame: 815
1460396619454359  New Frame: 816
1460396619506597  New Frame: 817
1460396619575124  New Frame: 818
1460396619637813  New Frame: 819
1460396619711846  New Frame: 820
1460396619763926  New Frame: 821
1460396619811660  New Frame: 822
1460396619861669  New Frame: 823
1460396619909594  New Frame: 824
1460396619956491  New Frame: 825
1460396620021491  New Frame: 826
1460396620078372  New Frame: 827
1460396620130385  New Frame: 828
1460396620180207  New Frame: 829
1460396620230554  New Frame: 830
1460396620278531  New Frame: 831
1460396620356706  New Frame: 832
1460396620409799  New Frame: 833
1460396620462003  New Frame: 834
1460396620508208  New Frame: 835
1460396620555612  New Frame: 836
1460396620607852  New Frame: 837
1460396620659845  New Frame: 838
1460396620711061  New Frame: 839
1460396620774772  New Frame: 840
1460396620839559  New Frame: 841
1460396620890359  New Frame: 842
1460396620953575  New Frame: 843
1460396621007209  New Frame: 844
1460396621058513  New Frame: 845
1460396621116048  New Frame: 846
1460396621171237  New Frame: 847
1460396621225693  New Frame: 848
1460396621305808  New Frame: 849
1460396621362192  New Frame: 850
1460396621417704  New Frame: 851
1460396621474159  New Frame: 852
1460396621528795  New Frame: 853
1460396621582789  New Frame: 854
1460396621635609  New Frame: 855
1460396621686664  New Frame: 856
1460396621751022  New Frame: 857
1460396621825373  New Frame: 858
1460396621879163  New Frame: 859
1460396621939430  New Frame: 860
1460396621994169  New Frame: 861
1460396622049694  New Frame: 862
1460396622103393  New Frame: 863
1460396622157091  New Frame: 864
1460396622234550  New Frame: 865
1460396622287659  New Frame: 866
1460396622341831  New Frame: 867
1460396622397039  New Frame: 868
1460396622451351  New Frame: 869
1460396622500922  New Frame: 870
1460396622554904  New Frame: 871
1460396622608550  New Frame: 872
1460396622675038  New Frame: 873
1460396622741925  New Frame: 874
1460396622789988  New Frame: 875
1460396622838717  New Frame: 876
1460396622891957  New Frame: 877
1460396622951772  New Frame: 878
1460396623007935  New Frame: 879
1460396623081170  New Frame: 880
1460396623134436  New Frame: 881
1460396623187337  New Frame: 882
1460396623241479  New Frame: 883
1460396623295893  New Frame: 884
1460396623349497  New Frame: 885
1460396623404185  New Frame: 886
1460396623457094  New Frame: 887
1460396623531487  New Frame: 888
1460396623584031  New Frame: 889
1460396623638530  New Frame: 890
1460396623687744  New Frame: 891
1460396623739101  New Frame: 892
1460396623791905  New Frame: 893
1460396623848361  New Frame: 894
1460396623912190  New Frame: 895
1460396623978849  New Frame: 896
1460396624032135  New Frame: 897
1460396624087690  New Frame: 898
1460396624141317  New Frame: 899
1460396624195343  New Frame: 900
1460396624249042  New Frame: 901
1460396624327731  New Frame: 902
1460396624382762  New Frame: 903
1460396624446563  New Frame: 904
1460396624500104  New Frame: 905
1460396624555952  New Frame: 906
1460396624609035  New Frame: 907
1460396624698847  New Frame: 908
1460396624751913  New Frame: 909
1460396624803740  New Frame: 910
1460396624854200  New Frame: 911
1460396624908867  New Frame: 912
1460396624964669  New Frame: 913
1460396625019621  New Frame: 914
1460396625097342  New Frame: 915
1460396625151326  New Frame: 916
1460396625201796  New Frame: 917
1460396625247871  New Frame: 918
1460396625297123  New Frame: 919
1460396625346372  New Frame: 920
1460396625400230  New Frame: 921
1460396625455203  New Frame: 922
1460396625523101  New Frame: 923
1460396625574384  New Frame: 924
1460396625627716  New Frame: 925
1460396625683898  New Frame: 926
1460396625737332  New Frame: 927
1460396625793731  New Frame: 928
1460396625846891  New Frame: 929
1460396625896645  New Frame: 930
1460396625982413  New Frame: 931
1460396626037836  New Frame: 932
1460396626093102  New Frame: 933
1460396626147327  New Frame: 934
1460396626196247  New Frame: 935
1460396626252057  New Frame: 936
1460396626305778  New Frame: 937
1460396626374653  New Frame: 938
1460396626438604  New Frame: 939
1460396626491621  New Frame: 940
1460396626543070  New Frame: 941
1460396626591744  New Frame: 942
1460396626643640  New Frame: 943
1460396626714838  New Frame: 944
1460396626771896  New Frame: 945
1460396626826679  New Frame: 946
1460396626883989  New Frame: 947
1460396626943778  New Frame: 948
1460396626997356  New Frame: 949
1460396627052874  New Frame: 950
1460396627126251  New Frame: 951
1460396627179821  New Frame: 952
1460396627229874  New Frame: 953
1460396627278577  New Frame: 954
1460396627331415  New Frame: 955
1460396627388981  New Frame: 956
1460396627448392  New Frame: 957
1460396627502622  New Frame: 958
1460396627551190  New Frame: 959
1460396627635586  New Frame: 960
1460396627685680  New Frame: 961
1460396627732439  New Frame: 962
1460396627782068  New Frame: 963
1460396627829436  New Frame: 964
1460396627877944  New Frame: 965
1460396627953950  New Frame: 966
1460396628017723  New Frame: 967
1460396628083439  New Frame: 968
1460396628148324  New Frame: 969
1460396628202075  New Frame: 970
1460396628249584  New Frame: 971
1460396628300365  New Frame: 972
1460396628355716  New Frame: 973
1460396628438422  New Frame: 974
1460396628488041  New Frame: 975
1460396628538662  New Frame: 976
1460396628593928  New Frame: 977
1460396628649202  New Frame: 978
1460396628703011  New Frame: 979
1460396628757582  New Frame: 980
1460396628810491  New Frame: 981
1460396628865156  New Frame: 982
1460396628936332  New Frame: 983
1460396628995955  New Frame: 984
1460396629049859  New Frame: 985
1460396629102603  New Frame: 986
1460396629157428  New Frame: 987
1460396629239936  New Frame: 988
1460396629353147  New Frame: 989
1460396629410150  New Frame: 990
1460396629462766  New Frame: 991
1460396629517491  New Frame: 992
1460396629574178  New Frame: 993
1460396629628097  New Frame: 994
1460396629677284  New Frame: 995
1460396629737384  New Frame: 996
1460396629816895  New Frame: 997
1460396629866788  New Frame: 998
1460396629917134  New Frame: 999
1460396629968614  New Frame: 1000
1460396630021351  New Frame: 1001
1460396630073075  New Frame: 1002
1460396630128847  New Frame: 1003
1460396630187745  New Frame: 1004
1460396630244685  New Frame: 1005
1460396630299404  New Frame: 1006
1460396630348912  New Frame: 1007
1460396630402398  New Frame: 1008
1460396630456677  New Frame: 1009
1460396630507173  New Frame: 1010
1460396630571033  New Frame: 1011
1460396630629597  New Frame: 1012
1460396630682625  New Frame: 1013
1460396630732360  New Frame: 1014
1460396630782399  New Frame: 1015
1460396630834246  New Frame: 1016
1460396630909628  New Frame: 1017
1460396630966619  New Frame: 1018
1460396631020400  New Frame: 1019
1460396631068685  New Frame: 1020
1460396631117756  New Frame: 1021
1460396631171323  New Frame: 1022
1460396631223086  New Frame: 1023
1460396631288006  New Frame: 1024
1460396631346361  New Frame: 1025
1460396631399344  New Frame: 1026
1460396631449331  New Frame: 1027
1460396631500763  New Frame: 1028
1460396631548400  New Frame: 1029
1460396631599018  New Frame: 1030
1460396631653303  New Frame: 1031
1460396631717009  New Frame: 1032
1460396631775982  New Frame: 1033
1460396631822171  New Frame: 1034
1460396631872787  New Frame: 1035
1460396631924422  New Frame: 1036
1460396631977452  New Frame: 1037
1460396632029563  New Frame: 1038
1460396632076324  New Frame: 1039
1460396632141314  New Frame: 1040
1460396632210399  New Frame: 1041
1460396632264969  New Frame: 1042
1460396632316723  New Frame: 1043
1460396632365901  New Frame: 1044
1460396632414001  New Frame: 1045
1460396632467891  New Frame: 1046
1460396632524963  New Frame: 1047
1460396632601430  New Frame: 1048
1460396632657702  New Frame: 1049
1460396632711843  New Frame: 1050
1460396632761296  New Frame: 1051
1460396632810500  New Frame: 1052
1460396632864056  New Frame: 1053
1460396632917159  New Frame: 1054
1460396632996067  New Frame: 1055
1460396633048924  New Frame: 1056
1460396633097079  New Frame: 1057
1460396633145414  New Frame: 1058
1460396633193913  New Frame: 1059
1460396633240665  New Frame: 1060
1460396633314098  New Frame: 1061
1460396633368555  New Frame: 1062
1460396633428683  New Frame: 1063
1460396633480608  New Frame: 1064
1460396633528688  New Frame: 1065
1460396633578807  New Frame: 1066
1460396633633143  New Frame: 1067
1460396633685728  New Frame: 1068
1460396633758302  New Frame: 1069
1460396633813600  New Frame: 1070
1460396633866633  New Frame: 1071
1460396633927374  New Frame: 1072
1460396633981144  New Frame: 1073
1460396634032844  New Frame: 1074
1460396634086876  New Frame: 1075
1460396634140216  New Frame: 1076
1460396634191619  New Frame: 1077
1460396634245347  New Frame: 1078
1460396634298967  New Frame: 1079
1460396634351346  New Frame: 1080
1460396634402397  New Frame: 1081
1460396634455388  New Frame: 1082
1460396634509876  New Frame: 1083
1460396634582391  New Frame: 1084
1460396634638134  New Frame: 1085
1460396634690305  New Frame: 1086
1460396634742420  New Frame: 1087
1460396634790164  New Frame: 1088
1460396634844297  New Frame: 1089
1460396634904256  New Frame: 1090
1460396634957903  New Frame: 1091
1460396635004451  New Frame: 1092
1460396635051006  New Frame: 1093
1460396635100471  New Frame: 1094
1460396635146712  New Frame: 1095
1460396635204468  New Frame: 1096
1460396635269586  New Frame: 1097
1460396635334117  New Frame: 1098
1460396635440609  New Frame: 1099
1460396635543116  New Frame: 1100
1460396635589625  New Frame: 1101
1460396635639851  New Frame: 1102
1460396635686812  New Frame: 1103
1460396635735264  New Frame: 1104
1460396635785967  New Frame: 1105
1460396635835684  New Frame: 1106
1460396635901705  New Frame: 1107
1460396635953813  New Frame: 1108
1460396636001349  New Frame: 1109
1460396636048826  New Frame: 1110
1460396636096266  New Frame: 1111
1460396636144332  New Frame: 1112
1460396636216649  New Frame: 1113
1460396636271028  New Frame: 1114
1460396636322751  New Frame: 1115
1460396636370684  New Frame: 1116
1460396636420781  New Frame: 1117
1460396636468040  New Frame: 1118
1460396636515438  New Frame: 1119
1460396636609682  New Frame: 1120
1460396636667143  New Frame: 1121
1460396636718398  New Frame: 1122
1460396636772372  New Frame: 1123
1460396636824999  New Frame: 1124
1460396636875191  New Frame: 1125
1460396636925726  New Frame: 1126
1460396636973402  New Frame: 1127
1460396637046833  New Frame: 1128
1460396637099642  New Frame: 1129
1460396637148606  New Frame: 1130
1460396637202756  New Frame: 1131
1460396637255954  New Frame: 1132
1460396637311166  New Frame: 1133
1460396637364034  New Frame: 1134
1460396637420716  New Frame: 1135
1460396637501572  New Frame: 1136
1460396637579113  New Frame: 1137
1460396637634366  New Frame: 1138
1460396637689127  New Frame: 1139
1460396637744478  New Frame: 1140
1460396637799578  New Frame: 1141
1460396637850898  New Frame: 1142
1460396637903772  New Frame: 1143
1460396637999387  New Frame: 1144
1460396638098045  New Frame: 1145
1460396638195663  New Frame: 1146
1460396638292909  New Frame: 1147
1460396638386497  New Frame: 1148
1460396638476975  New Frame: 1149
1460396638569868  New Frame: 1150
1460396638689929  New Frame: 1151
1460396638811781  New Frame: 1152
1460396638932159  New Frame: 1153
1460396638995151  New Frame: 1154
1460396639048307  New Frame: 1155
1460396639097760  New Frame: 1156
1460396639152762  New Frame: 1157
1460396639206063  New Frame: 1158
1460396639284537  New Frame: 1159
1460396639339419  New Frame: 1160
1460396639395092  New Frame: 1161
1460396639450090  New Frame: 1162
1460396639504617  New Frame: 1163
1460396639554163  New Frame: 1164
1460396639608250  New Frame: 1165
1460396639665212  New Frame: 1166
1460396639718346  New Frame: 1167
1460396639799508  New Frame: 1168
1460396639851648  New Frame: 1169
1460396639901754  New Frame: 1170
1460396639952676  New Frame: 1171
1460396640006735  New Frame: 1172
1460396640056489  New Frame: 1173
1460396640104905  New Frame: 1174
1460396640178359  New Frame: 1175
1460396640233830  New Frame: 1176
1460396640288503  New Frame: 1177
1460396640341893  New Frame: 1178
1460396640395092  New Frame: 1179
1460396640449242  New Frame: 1180
1460396640506873  New Frame: 1181
1460396640560366  New Frame: 1182
1460396640618048  New Frame: 1183
1460396640695162  New Frame: 1184
1460396640749835  New Frame: 1185
1460396640806423  New Frame: 1186
1460396640860014  New Frame: 1187
1460396640908943  New Frame: 1188
1460396640962684  New Frame: 1189
1460396641014443  New Frame: 1190
1460396641083466  New Frame: 1191
1460396641147572  New Frame: 1192
1460396641195859  New Frame: 1193
1460396641243377  New Frame: 1194
1460396641295900  New Frame: 1195
1460396641349747  New Frame: 1196
1460396641405217  New Frame: 1197
1460396641458556  New Frame: 1198
1460396641534891  New Frame: 1199
1460396641589974  New Frame: 1200
1460396641644934  New Frame: 1201
1460396641698097  New Frame: 1202
1460396641754429  New Frame: 1203
1460396641807223  New Frame: 1204
1460396641856493  New Frame: 1205
1460396641903544  New Frame: 1206
1460396641978645  New Frame: 1207
1460396642032482  New Frame: 1208
1460396642088134  New Frame: 1209
1460396642141960  New Frame: 1210
1460396642194573  New Frame: 1211
1460396642248825  New Frame: 1212
1460396642301499  New Frame: 1213
1460396642356361  New Frame: 1214
1460396642418584  New Frame: 1215
1460396642486907  New Frame: 1216
1460396642538070  New Frame: 1217
1460396642590039  New Frame: 1218
1460396642643951  New Frame: 1219
1460396642696884  New Frame: 1220
1460396642749995  New Frame: 1221
1460396642815568  New Frame: 1222
1460396642872457  New Frame: 1223
1460396642929152  New Frame: 1224
1460396642983357  New Frame: 1225
1460396643033780  New Frame: 1226
1460396643080753  New Frame: 1227
1460396643130943  New Frame: 1228
1460396643184579  New Frame: 1229
1460396643254548  New Frame: 1230
1460396643308078  New Frame: 1231
1460396643356693  New Frame: 1232
1460396643403650  New Frame: 1233
1460396643451852  New Frame: 1234
1460396643499722  New Frame: 1235
1460396643549926  New Frame: 1236
1460396643597652  New Frame: 1237
1460396643681243  New Frame: 1238
1460396643734844  New Frame: 1239
1460396643786051  New Frame: 1240
1460396643838294  New Frame: 1241
1460396643891180  New Frame: 1242
1460396643950410  New Frame: 1243
1460396644004519  New Frame: 1244
1460396644054905  New Frame: 1245
1460396644125005  New Frame: 1246
1460396644187971  New Frame: 1247
1460396644243076  New Frame: 1248
1460396644292467  New Frame: 1249
1460396644347662  New Frame: 1250
1460396644403302  New Frame: 1251
1460396644458566  New Frame: 1252
1460396644529481  New Frame: 1253
1460396644583340  New Frame: 1254
1460396644637502  New Frame: 1255
1460396644693248  New Frame: 1256
1460396644746494  New Frame: 1257
1460396644795177  New Frame: 1258
1460396644848003  New Frame: 1259
1460396644902875  New Frame: 1260
1460396644966002  New Frame: 1261
1460396645034800  New Frame: 1262
1460396645084997  New Frame: 1263
1460396645139318  New Frame: 1264
1460396645191784  New Frame: 1265
1460396645240551  New Frame: 1266
1460396645295285  New Frame: 1267
1460396645348215  New Frame: 1268
1460396645422335  New Frame: 1269
1460396645478531  New Frame: 1270
1460396645532766  New Frame: 1271
1460396645586132  New Frame: 1272
1460396645637505  New Frame: 1273
1460396645687203  New Frame: 1274
1460396645741834  New Frame: 1275
1460396645823237  New Frame: 1276
1460396645880745  New Frame: 1277
1460396645944156  New Frame: 1278
1460396646001425  New Frame: 1279
1460396646054889  New Frame: 1280
1460396646107597  New Frame: 1281
1460396646161425  New Frame: 1282
1460396646213840  New Frame: 1283
1460396646287564  New Frame: 1284
1460396646355260  New Frame: 1285
1460396646404202  New Frame: 1286
1460396646452493  New Frame: 1287
1460396646502734  New Frame: 1288
1460396646557241  New Frame: 1289
1460396646614934  New Frame: 1290
1460396646683544  New Frame: 1291
1460396646739189  New Frame: 1292
1460396646788682  New Frame: 1293
1460396646839365  New Frame: 1294
1460396646894128  New Frame: 1295
1460396646949081  New Frame: 1296
1460396647002667  New Frame: 1297
1460396647055761  New Frame: 1298
1460396647143468  New Frame: 1299
1460396647198490  New Frame: 1300
1460396647252107  New Frame: 1301
1460396647310029  New Frame: 1302
1460396647363461  New Frame: 1303
1460396647413285  New Frame: 1304
1460396647463017  New Frame: 1305
1460396647515990  New Frame: 1306
1460396647600380  New Frame: 1307
1460396647654721  New Frame: 1308
1460396647709739  New Frame: 1309
1460396647764657  New Frame: 1310
1460396647818571  New Frame: 1311
1460396647871285  New Frame: 1312
1460396647926937  New Frame: 1313
1460396647978179  New Frame: 1314
1460396648050584  New Frame: 1315
1460396648109791  New Frame: 1316
1460396648162767  New Frame: 1317
1460396648221114  New Frame: 1318
1460396648273762  New Frame: 1319
1460396648329198  New Frame: 1320
1460396648383451  New Frame: 1321
1460396648438657  New Frame: 1322
1460396648522783  New Frame: 1323
1460396648576806  New Frame: 1324
1460396648628474  New Frame: 1325
1460396648684372  New Frame: 1326
1460396648736527  New Frame: 1327
1460396648790472  New Frame: 1328
1460396648842517  New Frame: 1329
1460396648896854  New Frame: 1330
1460396648984601  New Frame: 1331
1460396649034308  New Frame: 1332
1460396649087437  New Frame: 1333
1460396649139398  New Frame: 1334
1460396649191020  New Frame: 1335
1460396649245502  New Frame: 1336
1460396649301196  New Frame: 1337
1460396649355057  New Frame: 1338
1460396649413551  New Frame: 1339
1460396649476685  New Frame: 1340
1460396649529862  New Frame: 1341
1460396649583074  New Frame: 1342
1460396649632739  New Frame: 1343
1460396649685091  New Frame: 1344
1460396649739335  New Frame: 1345
1460396649794047  New Frame: 1346
1460396649875250  New Frame: 1347
1460396649940354  New Frame: 1348
1460396649993622  New Frame: 1349
1460396650048390  New Frame: 1350
1460396650104796  New Frame: 1351
1460396650157555  New Frame: 1352
1460396650212962  New Frame: 1353
1460396650263923  New Frame: 1354
1460396650322104  New Frame: 1355
1460396650374290  New Frame: 1356
1460396650427418  New Frame: 1357
1460396650480882  New Frame: 1358
1460396650537516  New Frame: 1359
1460396650591608  New Frame: 1360
1460396650646379  New Frame: 1361
1460396650699909  New Frame: 1362
1460396650758267  New Frame: 1363
1460396650812179  New Frame: 1364
1460396650866180  New Frame: 1365
1460396650922210  New Frame: 1366
1460396650975195  New Frame: 1367
1460396651026446  New Frame: 1368
1460396651081496  New Frame: 1369
1460396651151037  New Frame: 1370
1460396651208848  New Frame: 1371
1460396651262888  New Frame: 1372
1460396651321055  New Frame: 1373
1460396651377219  New Frame: 1374
1460396651444588  New Frame: 1375
1460396651494230  New Frame: 1376
1460396651547665  New Frame: 1377
1460396651634326  New Frame: 1378
1460396651686404  New Frame: 1379
1460396651741087  New Frame: 1380
1460396651794381  New Frame: 1381
1460396651848967  New Frame: 1382
1460396651905512  New Frame: 1383
1460396651955177  New Frame: 1384
1460396652006845  New Frame: 1385
1460396652086086  New Frame: 1386
1460396652141942  New Frame: 1387
1460396652191163  New Frame: 1388
1460396652244687  New Frame: 1389
1460396652297092  New Frame: 1390
1460396652345425  New Frame: 1391
1460396652398073  New Frame: 1392
1460396652450427  New Frame: 1393
1460396652534094  New Frame: 1394
1460396652618774  New Frame: 1395
1460396652680199  New Frame: 1396
1460396652730203  New Frame: 1397
1460396652785078  New Frame: 1398
1460396652840549  New Frame: 1399
1460396652893413  New Frame: 1400
1460396652953322  New Frame: 1401
1460396653007307  New Frame: 1402
1460396653061864  New Frame: 1403
1460396653117353  New Frame: 1404
1460396653170664  New Frame: 1405
1460396653220963  New Frame: 1406
1460396653297273  New Frame: 1407
1460396653350886  New Frame: 1408
1460396653398967  New Frame: 1409
1460396653453218  New Frame: 1410
1460396653505323  New Frame: 1411
1460396653561355  New Frame: 1412
1460396653614822  New Frame: 1413
1460396653665194  New Frame: 1414
1460396653749729  New Frame: 1415
1460396653805507  New Frame: 1416
1460396653861875  New Frame: 1417
1460396653917464  New Frame: 1418
1460396653970613  New Frame: 1419
1460396654022714  New Frame: 1420
1460396654070904  New Frame: 1421
1460396654118730  New Frame: 1422
1460396654182175  New Frame: 1423
1460396654240046  New Frame: 1424
1460396654290311  New Frame: 1425
1460396654344525  New Frame: 1426
1460396654396488  New Frame: 1427
1460396654450635  New Frame: 1428
1460396654503904  New Frame: 1429
1460396654589076  New Frame: 1430
1460396654642807  New Frame: 1431
1460396654699070  New Frame: 1432
1460396654752434  New Frame: 1433
1460396654805099  New Frame: 1434
1460396654858182  New Frame: 1435
1460396654909607  New Frame: 1436
1460396654964546  New Frame: 1437
1460396655018143  New Frame: 1438
1460396655102398  New Frame: 1439
1460396655152923  New Frame: 1440
1460396655202328  New Frame: 1441
1460396655255982  New Frame: 1442
1460396655312345  New Frame: 1443
1460396655365976  New Frame: 1444
1460396655419888  New Frame: 1445
1460396655494925  New Frame: 1446
1460396655550107  New Frame: 1447
1460396655603838  New Frame: 1448
1460396655659149  New Frame: 1449
1460396655711241  New Frame: 1450
1460396655762908  New Frame: 1451
1460396655811413  New Frame: 1452
1460396655886731  New Frame: 1453
1460396655947515  New Frame: 1454
1460396656001302  New Frame: 1455
1460396656055739  New Frame: 1456
1460396656109852  New Frame: 1457
1460396656163429  New Frame: 1458
1460396656217799  New Frame: 1459
1460396656274359  New Frame: 1460
1460396656359609  New Frame: 1461
1460396656414078  New Frame: 1462
1460396656469681  New Frame: 1463
1460396656524613  New Frame: 1464
1460396656577262  New Frame: 1465
1460396656631056  New Frame: 1466
1460396656684810  New Frame: 1467
1460396656736953  New Frame: 1468
1460396656794352  New Frame: 1469
1460396656852886  New Frame: 1470
1460396656905248  New Frame: 1471
1460396656955406  New Frame: 1472
1460396657010674  New Frame: 1473
1460396657062229  New Frame: 1474
1460396657117218  New Frame: 1475
1460396657194272  New Frame: 1476
1460396657249216  New Frame: 1477
1460396657305171  New Frame: 1478
1460396657358369  New Frame: 1479
1460396657411517  New Frame: 1480
1460396657466211  New Frame: 1481
1460396657519344  New Frame: 1482
1460396657573082  New Frame: 1483
1460396657645161  New Frame: 1484
1460396657698611  New Frame: 1485
1460396657751707  New Frame: 1486
1460396657808870  New Frame: 1487
1460396657862482  New Frame: 1488
1460396657915087  New Frame: 1489
1460396657965556  New Frame: 1490
1460396658018695  New Frame: 1491
1460396658103481  New Frame: 1492
1460396658156564  New Frame: 1493
1460396658209714  New Frame: 1494
1460396658261679  New Frame: 1495
1460396658311293  New Frame: 1496
1460396658364991  New Frame: 1497
1460396658422337  New Frame: 1498
1460396658474858  New Frame: 1499
1460396658539796  New Frame: 1500
1460396658604802  New Frame: 1501
1460396658658893  New Frame: 1502
1460396658713973  New Frame: 1503
1460396658770635  New Frame: 1504
1460396658823351  New Frame: 1505
1460396658874520  New Frame: 1506
1460396658946431  New Frame: 1507
1460396659001410  New Frame: 1508
1460396659057654  New Frame: 1509
1460396659111489  New Frame: 1510
1460396659163113  New Frame: 1511
1460396659217744  New Frame: 1512
1460396659273241  New Frame: 1513
1460396659327497  New Frame: 1514
1460396659404031  New Frame: 1515
1460396659456850  New Frame: 1516
1460396659510285  New Frame: 1517
1460396659563723  New Frame: 1518
1460396659615783  New Frame: 1519
1460396659667012  New Frame: 1520
1460396659719329  New Frame: 1521
1460396659773949  New Frame: 1522
1460396659822207  New Frame: 1523
1460396659903498  New Frame: 1524
1460396659960756  New Frame: 1525
1460396660015509  New Frame: 1526
1460396660070502  New Frame: 1527
1460396660120150  New Frame: 1528
1460396660170774  New Frame: 1529
1460396660225752  New Frame: 1530
1460396660280859  New Frame: 1531
1460396660356928  New Frame: 1532
1460396660423038  New Frame: 1533
1460396660477373  New Frame: 1534
1460396660530809  New Frame: 1535
1460396660584904  New Frame: 1536
1460396660637178  New Frame: 1537
1460396660687901  New Frame: 1538
1460396660742967  New Frame: 1539
1460396660817419  New Frame: 1540
1460396660876692  New Frame: 1541
1460396660930793  New Frame: 1542
1460396660983523  New Frame: 1543
1460396661038820  New Frame: 1544
1460396661091464  New Frame: 1545
1460396661142954  New Frame: 1546
1460396661219271  New Frame: 1547
1460396661271317  New Frame: 1548
1460396661320669  New Frame: 1549
1460396661371272  New Frame: 1550
1460396661429302  New Frame: 1551
1460396661481229  New Frame: 1552
1460396661535251  New Frame: 1553
1460396661586282  New Frame: 1554
1460396661673961  New Frame: 1555
1460396661728785  New Frame: 1556
1460396661779575  New Frame: 1557
1460396661831693  New Frame: 1558
1460396661888527  New Frame: 1559
1460396661947627  New Frame: 1560
1460396662002538  New Frame: 1561
1460396662076340  New Frame: 1562
1460396662127895  New Frame: 1563
1460396662182585  New Frame: 1564
1460396662233751  New Frame: 1565
1460396662283458  New Frame: 1566
1460396662336547  New Frame: 1567
1460396662388893  New Frame: 1568
1460396662446303  New Frame: 1569
1460396662520720  New Frame: 1570
1460396662576104  New Frame: 1571
1460396662632634  New Frame: 1572
1460396662687008  New Frame: 1573
1460396662737129  New Frame: 1574
1460396662784876  New Frame: 1575
1460396662830160  New Frame: 1576
1460396662881877  New Frame: 1577
1460396662955849  New Frame: 1578
1460396663012504  New Frame: 1579
1460396663060885  New Frame: 1580
1460396663108417  New Frame: 1581
1460396663156434  New Frame: 1582
1460396663211693  New Frame: 1583
1460396663268374  New Frame: 1584
1460396663322265  New Frame: 1585
1460396663379636  New Frame: 1586
1460396663435149  New Frame: 1587
1460396663490622  New Frame: 1588
1460396663539920  New Frame: 1589
1460396663588766  New Frame: 1590
1460396663636142  New Frame: 1591
1460396663682768  New Frame: 1592
1460396663732476  New Frame: 1593
1460396663797436  New Frame: 1594
1460396663864566  New Frame: 1595
1460396663913867  New Frame: 1596
1460396663961730  New Frame: 1597
1460396664008393  New Frame: 1598
1460396664060121  New Frame: 1599
1460396664142118  New Frame: 1600
1460396664196814  New Frame: 1601
1460396664280569  New Frame: 1602
1460396664335551  New Frame: 1603
1460396664388835  New Frame: 1604
1460396664444805  New Frame: 1605
1460396664497079  New Frame: 1606
1460396664552215  New Frame: 1607
1460396664606280  New Frame: 1608
1460396664682101  New Frame: 1609
1460396664737111  New Frame: 1610
1460396664792392  New Frame: 1611
1460396664846559  New Frame: 1612
1460396664969897  New Frame: 1613
1460396665021566  New Frame: 1614
1460396665073449  New Frame: 1615
1460396665127936  New Frame: 1616
1460396665211105  New Frame: 1617
1460396665265748  New Frame: 1618
1460396665320354  New Frame: 1619
1460396665373539  New Frame: 1620
1460396665440348  New Frame: 1621
1460396665495438  New Frame: 1622
1460396665544609  New Frame: 1623
1460396665600514  New Frame: 1624
1460396665682913  New Frame: 1625
1460396665736543  New Frame: 1626
1460396665790470  New Frame: 1627
1460396665867269  New Frame: 1628
1460396665929452  New Frame: 1629
1460396665982908  New Frame: 1630
1460396666034393  New Frame: 1631
1460396666080513  New Frame: 1632
1460396666158871  New Frame: 1633
1460396666212762  New Frame: 1634
1460396666265166  New Frame: 1635
1460396666317139  New Frame: 1636
1460396666369127  New Frame: 1637
1460396666427907  New Frame: 1638
1460396666484997  New Frame: 1639
1460396666537482  New Frame: 1640
1460396666605545  New Frame: 1641
1460396666659490  New Frame: 1642
1460396666709138  New Frame: 1643
1460396666760549  New Frame: 1644
1460396666814072  New Frame: 1645
1460396666867542  New Frame: 1646
1460396666926312  New Frame: 1647
1460396666979922  New Frame: 1648
1460396667062815  New Frame: 1649
1460396667117689  New Frame: 1650
1460396667171724  New Frame: 1651
1460396667224147  New Frame: 1652
1460396667274146  New Frame: 1653
1460396667323410  New Frame: 1654
1460396667377214  New Frame: 1655
1460396667433889  New Frame: 1656
1460396667507940  New Frame: 1657
1460396667560945  New Frame: 1658
1460396667615990  New Frame: 1659
1460396667671519  New Frame: 1660
1460396667725476  New Frame: 1661
1460396667780937  New Frame: 1662
1460396667833548  New Frame: 1663
1460396667914492  New Frame: 1664
1460396667967720  New Frame: 1665
1460396668018373  New Frame: 1666
1460396668071997  New Frame: 1667
1460396668128886  New Frame: 1668
1460396668181258  New Frame: 1669
1460396668237055  New Frame: 1670
1460396668288581  New Frame: 1671
1460396668373243  New Frame: 1672
1460396668438470  New Frame: 1673
1460396668494929  New Frame: 1674
1460396668547645  New Frame: 1675
1460396668602642  New Frame: 1676
1460396668652602  New Frame: 1677
1460396668702686  New Frame: 1678
1460396668758823  New Frame: 1679
1460396668845239  New Frame: 1680
1460396668893367  New Frame: 1681
1460396668950153  New Frame: 1682
1460396669005303  New Frame: 1683
1460396669057413  New Frame: 1684
1460396669112092  New Frame: 1685
1460396669165686  New Frame: 1686
1460396669219245  New Frame: 1687
1460396669291954  New Frame: 1688
1460396669346634  New Frame: 1689
1460396669395793  New Frame: 1690
1460396669443546  New Frame: 1691
1460396669490828  New Frame: 1692
1460396669543335  New Frame: 1693
1460396669601861  New Frame: 1694
1460396669654274  New Frame: 1695
1460396669743962  New Frame: 1696
1460396669817714  New Frame: 1697
1460396669893156  New Frame: 1698
1460396669973254  New Frame: 1699
1460396670052616  New Frame: 1700
1460396670133584  New Frame: 1701
1460396670213108  New Frame: 1702
1460396670293514  New Frame: 1703
1460396670403768  New Frame: 1704
1460396670515117  New Frame: 1705
1460396670575028  New Frame: 1706
1460396670629332  New Frame: 1707
1460396670683252  New Frame: 1708
1460396670736619  New Frame: 1709
1460396670789115  New Frame: 1710
1460396670844982  New Frame: 1711
1460396670914887  New Frame: 1712
1460396670968141  New Frame: 1713
1460396671017583  New Frame: 1714
1460396671066765  New Frame: 1715
1460396671119859  New Frame: 1716
1460396671177868  New Frame: 1717
1460396671230088  New Frame: 1718
1460396671311365  New Frame: 1719
1460396671367737  New Frame: 1720
1460396671425380  New Frame: 1721
1460396671477723  New Frame: 1722
1460396671530737  New Frame: 1723
1460396671580095  New Frame: 1724
1460396671630980  New Frame: 1725
1460396671684446  New Frame: 1726
1460396671765610  New Frame: 1727
1460396671818304  New Frame: 1728
1460396671868415  New Frame: 1729
1460396671919422  New Frame: 1730
1460396671973741  New Frame: 1731
1460396672029215  New Frame: 1732
1460396672082859  New Frame: 1733
1460396672137786  New Frame: 1734
1460396672195498  New Frame: 1735
1460396672267540  New Frame: 1736
1460396672322897  New Frame: 1737
1460396672371676  New Frame: 1738
1460396672434591  New Frame: 1739
1460396672488789  New Frame: 1740
1460396672541651  New Frame: 1741
1460396672589656  New Frame: 1742
1460396672655372  New Frame: 1743
1460396672731007  New Frame: 1744
1460396672787252  New Frame: 1745
1460396672840045  New Frame: 1746
1460396672891036  New Frame: 1747
1460396672951422  New Frame: 1748
1460396673003793  New Frame: 1749
1460396673055949  New Frame: 1750
1460396673147474  New Frame: 1751
1460396673251537  New Frame: 1752
1460396673342417  New Frame: 1753
1460396673426314  New Frame: 1754
1460396673509258  New Frame: 1755
1460396673594292  New Frame: 1756
1460396673692684  New Frame: 1757
1460396673790857  New Frame: 1758
1460396673888869  New Frame: 1759
1460396673988153  New Frame: 1760
1460396674088712  New Frame: 1761
1460396674165564  New Frame: 1762
1460396674249305  New Frame: 1763
1460396674303197  New Frame: 1764
1460396674352561  New Frame: 1765
1460396674401092  New Frame: 1766
1460396674451311  New Frame: 1767
1460396674505083  New Frame: 1768
1460396674566293  New Frame: 1769
1460396674621630  New Frame: 1770
1460396674709165  New Frame: 1771
1460396674763265  New Frame: 1772
1460396674816579  New Frame: 1773
1460396674867419  New Frame: 1774
1460396674917821  New Frame: 1775
1460396674966056  New Frame: 1776
1460396675015729  New Frame: 1777
1460396675107645  New Frame: 1778
1460396675185071  New Frame: 1779
1460396675268484  New Frame: 1780
1460396675353151  New Frame: 1781
1460396675437144  New Frame: 1782
1460396675521230  New Frame: 1783
1460396675630422  New Frame: 1784
1460396675745880  New Frame: 1785
1460396675834229  New Frame: 1786
1460396675888880  New Frame: 1787
1460396675945402  New Frame: 1788
1460396675998132  New Frame: 1789
1460396676052273  New Frame: 1790
1460396676131770  New Frame: 1791
1460396676186252  New Frame: 1792
1460396676238616  New Frame: 1793
1460396676293322  New Frame: 1794
1460396676350243  New Frame: 1795
1460396676407006  New Frame: 1796
1460396676460578  New Frame: 1797
1460396676512828  New Frame: 1798
1460396676597588  New Frame: 1799
1460396676658239  New Frame: 1800
1460396676720787  New Frame: 1801
1460396676784829  New Frame: 1802
1460396676847051  New Frame: 1803
1460396676899893  New Frame: 1804
1460396676950602  New Frame: 1805
1460396677021553  New Frame: 1806
1460396677078816  New Frame: 1807
1460396677133484  New Frame: 1808
1460396677188216  New Frame: 1809
1460396677242301  New Frame: 1810
1460396677295331  New Frame: 1811
1460396677349717  New Frame: 1812
1460396677404095  New Frame: 1813
1460396677489077  New Frame: 1814
1460396677543048  New Frame: 1815
1460396677591866  New Frame: 1816
1460396677639992  New Frame: 1817
1460396677689969  New Frame: 1818
1460396677739153  New Frame: 1819
1460396677792578  New Frame: 1820
1460396677845565  New Frame: 1821
1460396677922887  New Frame: 1822
1460396677977116  New Frame: 1823
1460396678025840  New Frame: 1824
1460396678075884  New Frame: 1825
1460396678130865  New Frame: 1826
1460396678186361  New Frame: 1827
1460396678238630  New Frame: 1828
1460396678305033  New Frame: 1829
1460396678360785  New Frame: 1830
1460396678409213  New Frame: 1831
1460396678460309  New Frame: 1832
1460396678513985  New Frame: 1833
1460396678566381  New Frame: 1834
1460396678620974  New Frame: 1835
1460396678674698  New Frame: 1836
1460396678728979  New Frame: 1837
1460396678802691  New Frame: 1838
1460396678862866  New Frame: 1839
1460396678912229  New Frame: 1840
1460396678964387  New Frame: 1841
1460396679018771  New Frame: 1842
1460396679070348  New Frame: 1843
1460396679162654  New Frame: 1844
1460396679246012  New Frame: 1845
1460396679331721  New Frame: 1846
1460396679420834  New Frame: 1847
1460396679508450  New Frame: 1848
1460396679598194  New Frame: 1849
1460396679687407  New Frame: 1850
1460396679777046  New Frame: 1851
1460396679876618  New Frame: 1852
1460396679974602  New Frame: 1853
1460396680070164  New Frame: 1854
1460396680165645  New Frame: 1855
1460396680260732  New Frame: 1856
1460396680356604  New Frame: 1857
1460396680456180  New Frame: 1858
1460396680562105  New Frame: 1859
1460396680661801  New Frame: 1860
1460396680760298  New Frame: 1861
1460396680847490  New Frame: 1862
1460396680901394  New Frame: 1863
1460396680955274  New Frame: 1864
1460396681009976  New Frame: 1865
1460396681064810  New Frame: 1866
1460396681119136  New Frame: 1867
1460396681186501  New Frame: 1868
1460396681244476  New Frame: 1869
1460396681298115  New Frame: 1870
1460396681350356  New Frame: 1871
1460396681402884  New Frame: 1872
1460396681456622  New Frame: 1873
1460396681506533  New Frame: 1874
1460396681561050  New Frame: 1875
1460396681651662  New Frame: 1876
1460396681707378  New Frame: 1877
1460396681760802  New Frame: 1878
1460396681814199  New Frame: 1879
1460396681867597  New Frame: 1880
1460396681927021  New Frame: 1881
1460396681981406  New Frame: 1882
1460396682057546  New Frame: 1883
1460396682104833  New Frame: 1884
1460396682151472  New Frame: 1885
1460396682199033  New Frame: 1886
1460396682249175  New Frame: 1887
1460396682295486  New Frame: 1888
1460396682345440  New Frame: 1889
1460396682398269  New Frame: 1890
1460396682449311  New Frame: 1891
1460396682499489  New Frame: 1892
1460396682549235  New Frame: 1893
1460396682595629  New Frame: 1894
1460396682644051  New Frame: 1895
1460396682690073  New Frame: 1896
1460396682740761  New Frame: 1897
1460396682788649  New Frame: 1898
1460396682838619  New Frame: 1899
1460396682890623  New Frame: 1900
1460396682940222  New Frame: 1901
1460396682989607  New Frame: 1902
1460396683039237  New Frame: 1903
1460396683085586  New Frame: 1904
1460396683134693  New Frame: 1905
1460396683188919  New Frame: 1906
1460396683241206  New Frame: 1907
1460396683292539  New Frame: 1908
1460396683341401  New Frame: 1909
1460396683388837  New Frame: 1910
1460396683433727  New Frame: 1911
1460396683486470  New Frame: 1912
1460396683539167  New Frame: 1913
1460396683590408  New Frame: 1914
1460396683640663  New Frame: 1915
1460396683687206  New Frame: 1916
1460396683733681  New Frame: 1917
1460396683783464  New Frame: 1918
1460396683831086  New Frame: 1919
1460396683879118  New Frame: 1920
1460396683928454  New Frame: 1921
1460396683981419  New Frame: 1922
1460396684033297  New Frame: 1923
1460396684086652  New Frame: 1924
1460396684138703  New Frame: 1925
1460396684188826  New Frame: 1926
1460396684241793  New Frame: 1927
1460396684290720  New Frame: 1928
1460396684341151  New Frame: 1929
1460396684392226  New Frame: 1930
1460396684445850  New Frame: 1931
1460396684492161  New Frame: 1932
1460396684538441  New Frame: 1933
1460396684591206  New Frame: 1934
1460396684645656  New Frame: 1935
1460396684698703  New Frame: 1936
1460396684751735  New Frame: 1937
1460396684801153  New Frame: 1938
1460396684850816  New Frame: 1939
1460396684897670  New Frame: 1940
1460396685048803  New Frame: 1941
1460396685101083  New Frame: 1942
1460396685151377  New Frame: 1943
1460396685198452  New Frame: 1944
1460396685250342  New Frame: 1945
1460396685302382  New Frame: 1946
1460396685355141  New Frame: 1947
1460396685404730  New Frame: 1948
1460396685454213  New Frame: 1949
1460396685501081  New Frame: 1950
1460396685553918  New Frame: 1951
1460396685605243  New Frame: 1952
1460396685655961  New Frame: 1953
1460396685704810  New Frame: 1954
1460396685754018  New Frame: 1955
1460396685807404  New Frame: 1956
1460396685857696  New Frame: 1957
1460396685906711  New Frame: 1958
1460396685953771  New Frame: 1959
1460396686003866  New Frame: 1960
1460396686053665  New Frame: 1961
1460396686120721  New Frame: 1962
1460396686176536  New Frame: 1963
1460396686230038  New Frame: 1964
1460396686283485  New Frame: 1965
1460396686338042  New Frame: 1966
1460396686393443  New Frame: 1967
1460396686481778  New Frame: 1968
1460396686535726  New Frame: 1969
1460396686588853  New Frame: 1970
1460396686645069  New Frame: 1971
1460396686697931  New Frame: 1972
1460396686752940  New Frame: 1973
1460396686806277  New Frame: 1974
1460396686859339  New Frame: 1975
1460396686915863  New Frame: 1976
1460396686985646  New Frame: 1977
1460396687038871  New Frame: 1978
1460396687092743  New Frame: 1979
1460396687148082  New Frame: 1980
1460396687201876  New Frame: 1981
1460396687253905  New Frame: 1982
1460396687329307  New Frame: 1983
1460396687381737  New Frame: 1984
1460396687439082  New Frame: 1985
1460396687492096  New Frame: 1986
1460396687539940  New Frame: 1987
1460396687590585  New Frame: 1988
1460396687644158  New Frame: 1989
1460396687700378  New Frame: 1990
1460396687775053  New Frame: 1991
1460396687828501  New Frame: 1992
1460396687877385  New Frame: 1993
1460396687928490  New Frame: 1994
1460396687982434  New Frame: 1995
1460396688035697  New Frame: 1996
1460396688091014  New Frame: 1997
1460396688140317  New Frame: 1998
1460396688213883  New Frame: 1999
1460396688275749  New Frame: 2000
1460396688329608  New Frame: 2001
1460396688386425  New Frame: 2002
1460396688447307  New Frame: 2003
1460396688499395  New Frame: 2004
1460396688547190  New Frame: 2005
1460396688599173  New Frame: 2006
1460396688664197  New Frame: 2007
1460396688730200  New Frame: 2008
1460396688779008  New Frame: 2009
1460396688832999  New Frame: 2010
1460396688885975  New Frame: 2011
1460396688951151  New Frame: 2012
1460396689003892  New Frame: 2013
1460396689075124  New Frame: 2014
1460396689128006  New Frame: 2015
1460396689180779  New Frame: 2016
1460396689233143  New Frame: 2017
1460396689291861  New Frame: 2018
1460396689342791  New Frame: 2019
1460396689396001  New Frame: 2020
1460396689452241  New Frame: 2021
1460396689532572  New Frame: 2022
1460396689583683  New Frame: 2023
1460396689636673  New Frame: 2024
1460396689693570  New Frame: 2025
1460396689747184  New Frame: 2026
1460396689799485  New Frame: 2027
1460396689852680  New Frame: 2028
1460396689915787  New Frame: 2029
1460396689973226  New Frame: 2030
1460396690024771  New Frame: 2031
1460396690078904  New Frame: 2032
1460396690132275  New Frame: 2033
1460396690183155  New Frame: 2034
1460396690235670  New Frame: 2035
1460396690288293  New Frame: 2036
1460396690375150  New Frame: 2037
1460396690438328  New Frame: 2038
1460396690492629  New Frame: 2039
1460396690543846  New Frame: 2040
1460396690602172  New Frame: 2041
1460396690657851  New Frame: 2042
1460396690714270  New Frame: 2043
1460396690772703  New Frame: 2044
1460396690838910  New Frame: 2045
1460396690901537  New Frame: 2046
1460396690949998  New Frame: 2047
1460396691002421  New Frame: 2048
1460396691055292  New Frame: 2049
1460396691106744  New Frame: 2050
1460396691161252  New Frame: 2051
1460396691217443  New Frame: 2052
1460396691285156  New Frame: 2053
1460396691338971  New Frame: 2054
1460396691392003  New Frame: 2055
1460396691448187  New Frame: 2056
1460396691499785  New Frame: 2057
1460396691550414  New Frame: 2058
1460396691604967  New Frame: 2059
1460396691676832  New Frame: 2060
1460396691731147  New Frame: 2061
1460396691785379  New Frame: 2062
1460396691841542  New Frame: 2063
1460396691894420  New Frame: 2064
1460396691947270  New Frame: 2065
1460396692000378  New Frame: 2066
1460396692057265  New Frame: 2067
1460396692124353  New Frame: 2068
1460396692187552  New Frame: 2069
1460396692241603  New Frame: 2070
1460396692295435  New Frame: 2071
1460396692350060  New Frame: 2072
1460396692403165  New Frame: 2073
1460396692457951  New Frame: 2074
1460396692510529  New Frame: 2075
1460396692581477  New Frame: 2076
1460396692634577  New Frame: 2077
1460396692690474  New Frame: 2078
1460396692746036  New Frame: 2079
1460396692803175  New Frame: 2080
1460396692855667  New Frame: 2081
1460396692904593  New Frame: 2082
1460396692964448  New Frame: 2083
1460396693029091  New Frame: 2084
1460396693082240  New Frame: 2085
1460396693135155  New Frame: 2086
1460396693188634  New Frame: 2087
1460396693240892  New Frame: 2088
1460396693289434  New Frame: 2089
1460396693341660  New Frame: 2090
1460396693418084  New Frame: 2091
1460396693479303  New Frame: 2092
1460396693528820  New Frame: 2093
1460396693583386  New Frame: 2094
1460396693636930  New Frame: 2095
1460396693689061  New Frame: 2096
1460396693741692  New Frame: 2097
1460396693796379  New Frame: 2098
1460396693871914  New Frame: 2099
1460396693937396  New Frame: 2100
1460396693985549  New Frame: 2101
1460396694035659  New Frame: 2102
1460396694089344  New Frame: 2103
1460396694143985  New Frame: 2104
1460396694197438  New Frame: 2105
1460396694250404  New Frame: 2106
1460396694329337  New Frame: 2107
1460396694383017  New Frame: 2108
1460396694441734  New Frame: 2109
1460396694493918  New Frame: 2110
1460396694547009  New Frame: 2111
1460396694603008  New Frame: 2112
1460396694657404  New Frame: 2113
1460396694708253  New Frame: 2114
1460396694793384  New Frame: 2115
1460396694847466  New Frame: 2116
1460396694896086  New Frame: 2117
1460396694951532  New Frame: 2118
1460396695002689  New Frame: 2119
1460396695052756  New Frame: 2120
1460396695100656  New Frame: 2121
1460396695149324  New Frame: 2122
1460396695217603  New Frame: 2123
1460396695280602  New Frame: 2124
1460396695335039  New Frame: 2125
1460396695385162  New Frame: 2126
1460396695439306  New Frame: 2127
1460396695492540  New Frame: 2128
1460396695544943  New Frame: 2129
1460396695597648  New Frame: 2130
1460396695653817  New Frame: 2131
1460396695710519  New Frame: 2132
1460396695759886  New Frame: 2133
1460396695815144  New Frame: 2134
1460396695867838  New Frame: 2135
1460396695917812  New Frame: 2136
1460396695966538  New Frame: 2137
1460396696020217  New Frame: 2138
1460396696085379  New Frame: 2139
1460396696147364  New Frame: 2140
1460396696198782  New Frame: 2141
1460396696249011  New Frame: 2142
1460396696298851  New Frame: 2143
1460396696349568  New Frame: 2144
1460396696397480  New Frame: 2145
1460396696446655  New Frame: 2146
1460396696501530  New Frame: 2147
1460396696558818  New Frame: 2148
1460396696612228  New Frame: 2149
1460396696663728  New Frame: 2150
1460396696718193  New Frame: 2151
1460396696772424  New Frame: 2152
1460396696826599  New Frame: 2153
1460396696901723  New Frame: 2154
1460396696977060  New Frame: 2155
1460396697030539  New Frame: 2156
1460396697078912  New Frame: 2157
1460396697128260  New Frame: 2158
1460396697177929  New Frame: 2159
1460396697229675  New Frame: 2160
1460396697310234  New Frame: 2161
1460396697364964  New Frame: 2162
1460396697421278  New Frame: 2163
1460396697475056  New Frame: 2164
1460396697526197  New Frame: 2165
1460396697581455  New Frame: 2166
1460396697665850  New Frame: 2167
1460396697718947  New Frame: 2168
1460396697773773  New Frame: 2169
1460396697828650  New Frame: 2170
1460396697881129  New Frame: 2171
1460396697939778  New Frame: 2172
1460396697995585  New Frame: 2173
1460396698068437  New Frame: 2174
1460396698128449  New Frame: 2175
1460396698181704  New Frame: 2176
1460396698234132  New Frame: 2177
1460396698287220  New Frame: 2178
1460396698339478  New Frame: 2179
1460396698394745  New Frame: 2180
1460396698451769  New Frame: 2181
1460396698528401  New Frame: 2182
1460396698583531  New Frame: 2183
1460396698638460  New Frame: 2184
1460396698688681  New Frame: 2185
1460396698741007  New Frame: 2186
1460396698795211  New Frame: 2187
1460396698844138  New Frame: 2188
1460396698892690  New Frame: 2189
1460396698965637  New Frame: 2190
1460396699025759  New Frame: 2191
1460396699075211  New Frame: 2192
1460396699128589  New Frame: 2193
1460396699181427  New Frame: 2194
1460396699230940  New Frame: 2195
1460396699285201  New Frame: 2196
1460396699354637  New Frame: 2197
1460396699407720  New Frame: 2198
1460396699464129  New Frame: 2199
1460396699516969  New Frame: 2200
1460396699567989  New Frame: 2201
1460396699622552  New Frame: 2202
1460396699674307  New Frame: 2203
1460396699728096  New Frame: 2204
1460396699816987  New Frame: 2205
1460396699866316  New Frame: 2206
1460396699924575  New Frame: 2207
1460396699975458  New Frame: 2208
1460396700029068  New Frame: 2209
1460396700083988  New Frame: 2210
1460396700137446  New Frame: 2211
1460396700192740  New Frame: 2212
1460396700404768  New Frame: 2213
1460396700478508  New Frame: 2214
1460396700556098  New Frame: 2215
1460396700633335  New Frame: 2216
1460396700712690  New Frame: 2217
1460396700809163  New Frame: 2218
1460396700883077  New Frame: 2219
1460396700971832  New Frame: 2220
1460396701049875  New Frame: 2221
1460396701124499  New Frame: 2222
1460396701198003  New Frame: 2223
1460396701273810  New Frame: 2224
1460396701351775  New Frame: 2225
1460396701425672  New Frame: 2226
1460396701504119  New Frame: 2227
1460396701611757  New Frame: 2228
1460396701724810  New Frame: 2229
1460396701839841  New Frame: 2230
1460396701952310  New Frame: 2231
1460396702066199  New Frame: 2232
1460396702179556  New Frame: 2233
1460396702293455  New Frame: 2234
1460396702362615  New Frame: 2235
1460396702427012  New Frame: 2236
1460396702480203  New Frame: 2237
1460396702529796  New Frame: 2238
1460396702579390  New Frame: 2239
1460396702631693  New Frame: 2240
1460396702684097  New Frame: 2241
1460396702735401  New Frame: 2242
1460396702790351  New Frame: 2243
1460396702872515  New Frame: 2244
1460396702935981  New Frame: 2245
1460396702990764  New Frame: 2246
1460396703043060  New Frame: 2247
1460396703094590  New Frame: 2248
1460396703149412  New Frame: 2249
1460396703206349  New Frame: 2250
1460396703265123  New Frame: 2251
1460396703318605  New Frame: 2252
1460396703373914  New Frame: 2253
1460396703429585  New Frame: 2254
1460396703479504  New Frame: 2255
1460396703533309  New Frame: 2256
1460396703588720  New Frame: 2257
1460396703642934  New Frame: 2258
1460396703723946  New Frame: 2259
1460396703781473  New Frame: 2260
1460396703832200  New Frame: 2261
1460396703885158  New Frame: 2262
1460396703946255  New Frame: 2263
1460396704001593  New Frame: 2264
1460396704056612  New Frame: 2265
1460396704111509  New Frame: 2266
1460396704176595  New Frame: 2267
1460396704243475  New Frame: 2268
1460396704297892  New Frame: 2269
1460396704350153  New Frame: 2270
1460396704401977  New Frame: 2271
1460396704455464  New Frame: 2272
1460396704508229  New Frame: 2273
1460396704557034  New Frame: 2274
1460396704626033  New Frame: 2275
1460396704679519  New Frame: 2276
1460396704733076  New Frame: 2277
1460396704785590  New Frame: 2278
1460396704839112  New Frame: 2279
1460396704892623  New Frame: 2280
1460396704944259  New Frame: 2281
1460396705113841  New Frame: 2282
1460396705161526  New Frame: 2283
1460396705213613  New Frame: 2284
1460396705268138  New Frame: 2285
1460396705320348  New Frame: 2286
1460396705375288  New Frame: 2287
1460396705427611  New Frame: 2288
1460396705478491  New Frame: 2289
1460396705527668  New Frame: 2290
1460396705575226  New Frame: 2291
1460396705625130  New Frame: 2292
1460396705672725  New Frame: 2293
1460396705722660  New Frame: 2294
1460396705774756  New Frame: 2295
1460396705828050  New Frame: 2296
1460396705876282  New Frame: 2297
1460396705930795  New Frame: 2298
1460396705983996  New Frame: 2299
1460396706031797  New Frame: 2300
1460396706078618  New Frame: 2301
1460396706125236  New Frame: 2302
1460396706175681  New Frame: 2303
1460396706223935  New Frame: 2304
1460396706270438  New Frame: 2305
1460396706325065  New Frame: 2306
1460396706379056  New Frame: 2307
1460396706426722  New Frame: 2308
1460396706475574  New Frame: 2309
1460396706522431  New Frame: 2310
1460396706573325  New Frame: 2311
1460396706619905  New Frame: 2312
1460396706666292  New Frame: 2313
1460396706721310  New Frame: 2314
1460396706773705  New Frame: 2315
1460396706825933  New Frame: 2316
1460396706873101  New Frame: 2317
1460396706925059  New Frame: 2318
1460396706977198  New Frame: 2319
1460396707028696  New Frame: 2320
1460396707081602  New Frame: 2321
1460396707135557  New Frame: 2322
1460396707184011  New Frame: 2323
1460396707232780  New Frame: 2324
1460396707286335  New Frame: 2325
1460396707338870  New Frame: 2326
1460396707386327  New Frame: 2327
1460396707438347  New Frame: 2328
1460396707494089  New Frame: 2329
1460396707549130  New Frame: 2330
1460396707600778  New Frame: 2331
1460396707650580  New Frame: 2332
1460396707697809  New Frame: 2333
1460396707747445  New Frame: 2334
1460396707793878  New Frame: 2335
1460396707844783  New Frame: 2336
1460396707894073  New Frame: 2337
1460396707942116  New Frame: 2338
1460396707993715  New Frame: 2339
1460396708045421  New Frame: 2340
1460396708098827  New Frame: 2341
1460396708151655  New Frame: 2342
1460396708203360  New Frame: 2343
1460396708250681  New Frame: 2344
1460396708303501  New Frame: 2345
1460396708361547  New Frame: 2346
1460396708409879  New Frame: 2347
1460396708460817  New Frame: 2348
1460396708512486  New Frame: 2349
1460396708563299  New Frame: 2350
1460396708612659  New Frame: 2351
1460396708666161  New Frame: 2352
1460396708717416  New Frame: 2353
1460396708770457  New Frame: 2354
1460396708823976  New Frame: 2355
1460396708875803  New Frame: 2356
1460396708926658  New Frame: 2357
1460396708979789  New Frame: 2358
1460396709031109  New Frame: 2359
1460396709079880  New Frame: 2360
1460396709129372  New Frame: 2361
1460396709177252  New Frame: 2362
1460396709227206  New Frame: 2363
1460396709281708  New Frame: 2364
1460396709352039  New Frame: 2365
1460396709401870  New Frame: 2366
1460396709455049  New Frame: 2367
1460396709506680  New Frame: 2368
1460396709557450  New Frame: 2369
1460396709610920  New Frame: 2370
1460396709666895  New Frame: 2371
1460396709715283  New Frame: 2372
1460396709767233  New Frame: 2373
1460396709820272  New Frame: 2374
1460396709871679  New Frame: 2375
1460396709927419  New Frame: 2376
1460396709979633  New Frame: 2377
1460396710026955  New Frame: 2378
1460396710083640  New Frame: 2379
1460396710138302  New Frame: 2380
1460396710191802  New Frame: 2381
1460396710242611  New Frame: 2382
1460396710290298  New Frame: 2383
1460396710338592  New Frame: 2384
1460396710385832  New Frame: 2385
1460396710438041  New Frame: 2386
1460396710485775  New Frame: 2387
1460396710535634  New Frame: 2388
1460396710587549  New Frame: 2389
1460396710638447  New Frame: 2390
1460396710686554  New Frame: 2391
1460396710734446  New Frame: 2392
1460396710783957  New Frame: 2393
1460396710834572  New Frame: 2394
1460396710890090  New Frame: 2395
1460396710943564  New Frame: 2396
1460396710996040  New Frame: 2397
1460396711046876  New Frame: 2398
1460396711094944  New Frame: 2399
1460396711149061  New Frame: 2400
1460396711201216  New Frame: 2401
1460396711256813  New Frame: 2402
1460396711308930  New Frame: 2403
1460396711359929  New Frame: 2404
1460396711407983  New Frame: 2405
1460396711456476  New Frame: 2406
1460396711510083  New Frame: 2407
1460396711560032  New Frame: 2408
1460396711610240  New Frame: 2409
1460396711664250  New Frame: 2410
1460396711716791  New Frame: 2411
1460396711771388  New Frame: 2412
1460396711823701  New Frame: 2413
1460396711874513  New Frame: 2414
1460396711923715  New Frame: 2415
1460396711977894  New Frame: 2416
1460396712027758  New Frame: 2417
1460396712080336  New Frame: 2418
1460396712130772  New Frame: 2419
1460396712183060  New Frame: 2420
1460396712234277  New Frame: 2421
1460396712285639  New Frame: 2422
1460396712332479  New Frame: 2423
1460396712381127  New Frame: 2424
1460396712434169  New Frame: 2425
1460396712488780  New Frame: 2426
1460396712536148  New Frame: 2427
1460396712585369  New Frame: 2428
1460396712632494  New Frame: 2429
1460396712678706  New Frame: 2430
1460396712726625  New Frame: 2431
1460396712775670  New Frame: 2432
1460396712831819  New Frame: 2433
1460396712886029  New Frame: 2434
1460396712936074  New Frame: 2435
1460396712988590  New Frame: 2436
1460396713040594  New Frame: 2437
1460396713087911  New Frame: 2438
1460396713134915  New Frame: 2439
1460396713181816  New Frame: 2440
1460396713235073  New Frame: 2441
1460396713289367  New Frame: 2442
1460396713343403  New Frame: 2443
1460396713396634  New Frame: 2444
1460396713450916  New Frame: 2445
1460396713503793  New Frame: 2446
1460396713555620  New Frame: 2447
1460396713611699  New Frame: 2448
1460396713663487  New Frame: 2449
1460396713711607  New Frame: 2450
1460396713761819  New Frame: 2451
1460396713809241  New Frame: 2452
1460396713857907  New Frame: 2453
1460396713905386  New Frame: 2454
1460396713958354  New Frame: 2455
1460396714010455  New Frame: 2456
1460396714062007  New Frame: 2457
1460396714108358  New Frame: 2458
1460396714157067  New Frame: 2459
1460396714207829  New Frame: 2460
1460396714263486  New Frame: 2461
1460396714311650  New Frame: 2462
1460396714361422  New Frame: 2463
1460396714414108  New Frame: 2464
1460396714465278  New Frame: 2465
1460396714516656  New Frame: 2466
1460396714564472  New Frame: 2467
1460396714611265  New Frame: 2468
1460396714662911  New Frame: 2469
1460396714719763  New Frame: 2470
1460396714772687  New Frame: 2471
1460396714825715  New Frame: 2472
1460396714877690  New Frame: 2473
1460396714926953  New Frame: 2474
1460396714979498  New Frame: 2475
1460396715029964  New Frame: 2476
1460396715081153  New Frame: 2477
1460396715131047  New Frame: 2478
1460396715184634  New Frame: 2479
1460396715239110  New Frame: 2480
1460396715292694  New Frame: 2481
1460396715347649  New Frame: 2482
1460396715400355  New Frame: 2483
1460396715450849  New Frame: 2484
1460396715502241  New Frame: 2485
1460396715557144  New Frame: 2486
1460396715613094  New Frame: 2487
1460396715665035  New Frame: 2488
1460396715716190  New Frame: 2489
1460396715764620  New Frame: 2490
1460396715813368  New Frame: 2491
1460396715865774  New Frame: 2492
1460396715917817  New Frame: 2493
1460396715973305  New Frame: 2494
1460396716031881  New Frame: 2495
1460396716084428  New Frame: 2496
1460396716136240  New Frame: 2497
1460396716184386  New Frame: 2498
1460396716238030  New Frame: 2499
1460396716291827  New Frame: 2500
1460396716341414  New Frame: 2501
1460396716391162  New Frame: 2502
1460396716447741  New Frame: 2503
1460396716499530  New Frame: 2504
1460396716554719  New Frame: 2505
1460396716607755  New Frame: 2506
1460396716663581  New Frame: 2507
1460396716749970  New Frame: 2508
1460396716805932  New Frame: 2509
1460396716863052  New Frame: 2510
1460396716918484  New Frame: 2511
1460396716973566  New Frame: 2512
1460396717029997  New Frame: 2513
1460396717083049  New Frame: 2514
1460396717134945  New Frame: 2515
1460396717214089  New Frame: 2516
1460396717271980  New Frame: 2517
1460396717325767  New Frame: 2518
1460396717380513  New Frame: 2519
1460396717440414  New Frame: 2520
1460396717497501  New Frame: 2521
1460396717552608  New Frame: 2522
1460396717635498  New Frame: 2523
1460396717686098  New Frame: 2524
1460396717739643  New Frame: 2525
1460396717792513  New Frame: 2526
1460396717846476  New Frame: 2527
1460396717899473  New Frame: 2528
1460396717951303  New Frame: 2529
1460396718005001  New Frame: 2530
1460396718068812  New Frame: 2531
1460396718123517  New Frame: 2532
1460396718177062  New Frame: 2533
1460396718228031  New Frame: 2534
1460396718283945  New Frame: 2535
1460396718340540  New Frame: 2536
1460396718397184  New Frame: 2537
1460396718450265  New Frame: 2538
1460396718532406  New Frame: 2539
1460396718587751  New Frame: 2540
1460396718643799  New Frame: 2541
1460396718700207  New Frame: 2542
1460396718757224  New Frame: 2543
1460396718811244  New Frame: 2544
1460396718861363  New Frame: 2545
1460396718911183  New Frame: 2546
1460396718987770  New Frame: 2547
1460396719050037  New Frame: 2548
1460396719103497  New Frame: 2549
1460396719158014  New Frame: 2550
1460396719210912  New Frame: 2551
1460396719265711  New Frame: 2552
1460396719322855  New Frame: 2553
1460396719395421  New Frame: 2554
1460396719452769  New Frame: 2555
1460396719506475  New Frame: 2556
1460396719558767  New Frame: 2557
1460396719613439  New Frame: 2558
1460396719669346  New Frame: 2559
1460396719723340  New Frame: 2560
1460396719774593  New Frame: 2561
1460396719856707  New Frame: 2562
1460396719912871  New Frame: 2563
1460396719969950  New Frame: 2564
1460396720131377  New Frame: 2565
1460396720184363  New Frame: 2566
1460396720236976  New Frame: 2567
1460396720292154  New Frame: 2568
1460396720345399  New Frame: 2569
1460396720420916  New Frame: 2570
1460396720473546  New Frame: 2571
1460396720527697  New Frame: 2572
1460396720577033  New Frame: 2573
1460396720626888  New Frame: 2574
1460396720681078  New Frame: 2575
1460396720735009  New Frame: 2576
1460396720789406  New Frame: 2577
1460396720871264  New Frame: 2578
1460396720927793  New Frame: 2579
1460396720982559  New Frame: 2580
1460396721037228  New Frame: 2581
1460396721091603  New Frame: 2582
1460396721147346  New Frame: 2583
1460396721202071  New Frame: 2584
1460396721291288  New Frame: 2585
1460396721343534  New Frame: 2586
1460396721392471  New Frame: 2587
1460396721449520  New Frame: 2588
1460396721503562  New Frame: 2589
1460396721558353  New Frame: 2590
1460396721608292  New Frame: 2591
1460396721658212  New Frame: 2592
1460396721735036  New Frame: 2593
1460396721792539  New Frame: 2594
1460396721843698  New Frame: 2595
1460396721897970  New Frame: 2596
1460396721948933  New Frame: 2597
1460396722001756  New Frame: 2598
1460396722054253  New Frame: 2599
1460396722109412  New Frame: 2600
1460396722182721  New Frame: 2601
1460396722239324  New Frame: 2602
1460396722292505  New Frame: 2603
1460396722347080  New Frame: 2604
1460396722400834  New Frame: 2605
1460396722451988  New Frame: 2606
1460396722507029  New Frame: 2607
1460396722582071  New Frame: 2608
1460396722637225  New Frame: 2609
1460396722692440  New Frame: 2610
1460396722751006  New Frame: 2611
1460396722805709  New Frame: 2612
1460396722862245  New Frame: 2613
1460396722932367  New Frame: 2614
1460396722989849  New Frame: 2615
1460396723040958  New Frame: 2616
1460396723093337  New Frame: 2617
1460396723149358  New Frame: 2618
1460396723202796  New Frame: 2619
1460396723252590  New Frame: 2620
1460396723303911  New Frame: 2621
1460396723356429  New Frame: 2622
1460396723407669  New Frame: 2623
1460396723458199  New Frame: 2624
1460396723511452  New Frame: 2625
1460396723562931  New Frame: 2626
1460396723612642  New Frame: 2627
1460396723661218  New Frame: 2628
1460396723712752  New Frame: 2629
1460396723765940  New Frame: 2630
1460396723817402  New Frame: 2631
1460396723868832  New Frame: 2632
1460396723925895  New Frame: 2633
1460396723976802  New Frame: 2634
1460396724029838  New Frame: 2635
1460396724080135  New Frame: 2636
1460396724127335  New Frame: 2637
1460396724176101  New Frame: 2638
1460396724231910  New Frame: 2639
1460396724281953  New Frame: 2640
1460396724331605  New Frame: 2641
1460396724379979  New Frame: 2642
1460396724442844  New Frame: 2643
1460396724495329  New Frame: 2644
1460396724546383  New Frame: 2645
1460396724600839  New Frame: 2646
1460396724653596  New Frame: 2647
1460396724705060  New Frame: 2648
1460396724757035  New Frame: 2649
1460396724809469  New Frame: 2650
1460396724861673  New Frame: 2651
1460396724913195  New Frame: 2652
1460396724965164  New Frame: 2653
1460396725015168  New Frame: 2654
1460396725064942  New Frame: 2655
1460396725119758  New Frame: 2656
1460396725171379  New Frame: 2657
1460396725225066  New Frame: 2658
1460396725276974  New Frame: 2659
1460396725329638  New Frame: 2660
1460396725381095  New Frame: 2661
1460396725444244  New Frame: 2662
1460396725496572  New Frame: 2663
1460396725550121  New Frame: 2664
1460396725602248  New Frame: 2665
1460396725652918  New Frame: 2666
1460396725704307  New Frame: 2667
1460396725760414  New Frame: 2668
1460396725807959  New Frame: 2669
